<?xml version="1.0" encoding="UTF-8"?>
<!-- Generated by org.testng.reporters.JUnitXMLReporter -->
<testsuite hostname="LAPTOP-U499ULHF" ignored="0" name="Default test" tests="2" failures="0" timestamp="2021-03-11T15:59:21 IST" time="0.056" errors="0">
  <testcase name="createContact" time="0.013" classname="com.comcast.createProduct.CreateProduct"/>
  <testcase name="createContactwithMobile" time="0.002" classname="com.comcast.createProduct.CreateProduct"/>
</testsuite> <!-- Default test -->
