<?xml version="1.0" encoding="UTF-8"?>
<testng-results skipped="0" failed="0" ignored="0" total="2" passed="2">
  <reporter-output>
  </reporter-output>
  <suite name="Default suite" duration-ms="56" started-at="2021-03-11T15:59:21 IST" finished-at="2021-03-11T15:59:21 IST">
    <groups>
    </groups>
    <test name="Default test" duration-ms="56" started-at="2021-03-11T15:59:21 IST" finished-at="2021-03-11T15:59:21 IST">
      <class name="com.comcast.createProduct.CreateProduct">
        <test-method status="PASS" signature="createContact()[pri:0, instance:com.comcast.createProduct.CreateProduct@6737fd8f]" name="createContact" duration-ms="13" started-at="2021-03-11T15:59:21 IST" finished-at="2021-03-11T15:59:21 IST">
          <reporter-output>
          </reporter-output>
        </test-method> <!-- createContact -->
        <test-method status="PASS" signature="createContactwithMobile()[pri:0, instance:com.comcast.createProduct.CreateProduct@6737fd8f]" name="createContactwithMobile" duration-ms="2" started-at="2021-03-11T15:59:21 IST" finished-at="2021-03-11T15:59:21 IST">
          <reporter-output>
          </reporter-output>
        </test-method> <!-- createContactwithMobile -->
      </class> <!-- com.comcast.createProduct.CreateProduct -->
    </test> <!-- Default test -->
  </suite> <!-- Default suite -->
</testng-results>
